<?xml version="1.0" encoding="UTF-8"?>
<!-- Generated by org.testng.reporters.JUnitXMLReporter -->
<testsuite ignored="0" hostname="Sastu" failures="1" tests="1" name="opencartTest" time="92.0" errors="0" timestamp="2023-09-14T12:26:19 IST">
  <testcase classname="testcase.TC_001_AccountRegistrationTest" name="test_account_registration" time="13.721">
    <failure type="java.lang.AssertionError" message="null">
      <![CDATA[java.lang.AssertionError: null
at testcase.TC_001_AccountRegistrationTest.test_account_registration(TC_001_AccountRegistrationTest.java:43)
at java.base/java.util.ArrayList.forEach(ArrayList.java:1511)
... Removed 29 stack frames]]>
    </failure>
  </testcase> <!-- test_account_registration -->
</testsuite> <!-- opencartTest -->
